# JRE version: Java(TM) SE Runtime Environment (8.0_201-b09) (build 1.8.0_201-b09)
# Java VM: Java HotSpot(TM) 64-Bit Server VM (25.201-b09 mixed mode linux-amd64 compressed oops)
Heap:
 PSYoungGen      total 36864K, used 2390K [0x00000000d7100000, 0x00000000d9a00000, 0x0000000100000000)
  eden space 31744K, 7% used [0x00000000d7100000,0x00000000d7355bf0,0x00000000d9000000)
  from space 5120K, 0% used [0x00000000d9500000,0x00000000d9500000,0x00000000d9a00000)
  to   space 5120K, 0% used [0x00000000d9000000,0x00000000d9000000,0x00000000d9500000)
 ParOldGen       total 38400K, used 4486K [0x0000000085200000, 0x0000000087780000, 0x00000000d7100000)
  object space 38400K, 11% used [0x0000000085200000,0x0000000085661ac0,0x0000000087780000)
 Metaspace       used 20768K, capacity 21034K, committed 21504K, reserved 1069056K
  class space    used 2627K, capacity 2718K, committed 2816K, reserved 1048576K
GC Heap History (6 events):
Event: 1,002 GC heap before
{Heap before GC invocations=1 (full 0):
 PSYoungGen      total 36864K, used 31744K [0x00000000d7100000, 0x00000000d9a00000, 0x0000000100000000)
  eden space 31744K, 100% used [0x00000000d7100000,0x00000000d9000000,0x00000000d9000000)
  from space 5120K, 0% used [0x00000000d9500000,0x00000000d9500000,0x00000000d9a00000)
  to   space 5120K, 0% used [0x00000000d9000000,0x00000000d9000000,0x00000000d9500000)
 ParOldGen       total 84992K, used 0K [0x0000000085200000, 0x000000008a500000, 0x00000000d7100000)
  object space 84992K, 0% used [0x0000000085200000,0x0000000085200000,0x000000008a500000)
 Metaspace       used 18587K, capacity 18872K, committed 19200K, reserved 1067008K
  class space    used 2397K, capacity 2497K, committed 2560K, reserved 1048576K
Event: 1,009 GC heap after
Heap after GC invocations=1 (full 0):
 PSYoungGen      total 36864K, used 5095K [0x00000000d7100000, 0x00000000d9a00000, 0x0000000100000000)
  eden space 31744K, 0% used [0x00000000d7100000,0x00000000d7100000,0x00000000d9000000)
  from space 5120K, 99% used [0x00000000d9000000,0x00000000d94f9f28,0x00000000d9500000)
  to   space 5120K, 0% used [0x00000000d9500000,0x00000000d9500000,0x00000000d9a00000)
 ParOldGen       total 84992K, used 1483K [0x0000000085200000, 0x000000008a500000, 0x00000000d7100000)
  object space 84992K, 1% used [0x0000000085200000,0x0000000085372f08,0x000000008a500000)
 Metaspace       used 18587K, capacity 18872K, committed 19200K, reserved 1067008K
  class space    used 2397K, capacity 2497K, committed 2560K, reserved 1048576K
}
Event: 4454,943 GC heap before
{Heap before GC invocations=2 (full 0):
 PSYoungGen      total 36864K, used 22612K [0x00000000d7100000, 0x00000000d9a00000, 0x0000000100000000)
  eden space 31744K, 55% used [0x00000000d7100000,0x00000000d821b138,0x00000000d9000000)
  from space 5120K, 99% used [0x00000000d9000000,0x00000000d94f9f28,0x00000000d9500000)
  to   space 5120K, 0% used [0x00000000d9500000,0x00000000d9500000,0x00000000d9a00000)
 ParOldGen       total 84992K, used 1483K [0x0000000085200000, 0x000000008a500000, 0x00000000d7100000)
  object space 84992K, 1% used [0x0000000085200000,0x0000000085372f08,0x000000008a500000)
 Metaspace       used 20806K, capacity 21072K, committed 21248K, reserved 1067008K
  class space    used 2638K, capacity 2739K, committed 2816K, reserved 1048576K
Event: 4454,957 GC heap after
Heap after GC invocations=2 (full 0):
 PSYoungGen      total 36864K, used 4932K [0x00000000d7100000, 0x00000000d9a00000, 0x0000000100000000)
  eden space 31744K, 0% used [0x00000000d7100000,0x00000000d7100000,0x00000000d9000000)
  from space 5120K, 96% used [0x00000000d9500000,0x00000000d99d10c0,0x00000000d9a00000)
  to   space 5120K, 0% used [0x00000000d9000000,0x00000000d9000000,0x00000000d9500000)
 ParOldGen       total 84992K, used 1499K [0x0000000085200000, 0x000000008a500000, 0x00000000d7100000)
  object space 84992K, 1% used [0x0000000085200000,0x0000000085376f08,0x000000008a500000)
 Metaspace       used 20806K, capacity 21072K, committed 21248K, reserved 1067008K
  class space    used 2638K, capacity 2739K, committed 2816K, reserved 1048576K
}
Event: 4454,957 GC heap before
{Heap before GC invocations=3 (full 1):
 PSYoungGen      total 36864K, used 4932K [0x00000000d7100000, 0x00000000d9a00000, 0x0000000100000000)
  eden space 31744K, 0% used [0x00000000d7100000,0x00000000d7100000,0x00000000d9000000)
  from space 5120K, 96% used [0x00000000d9500000,0x00000000d99d10c0,0x00000000d9a00000)
  to   space 5120K, 0% used [0x00000000d9000000,0x00000000d9000000,0x00000000d9500000)
 ParOldGen       total 84992K, used 1499K [0x0000000085200000, 0x000000008a500000, 0x00000000d7100000)
  object space 84992K, 1% used [0x0000000085200000,0x0000000085376f08,0x000000008a500000)
 Metaspace       used 20806K, capacity 21072K, committed 21248K, reserved 1067008K
  class space    used 2638K, capacity 2739K, committed 2816K, reserved 1048576K
Event: 4455,004 GC heap after
Heap after GC invocations=3 (full 1):
 PSYoungGen      total 36864K, used 0K [0x00000000d7100000, 0x00000000d9a00000, 0x0000000100000000)
  eden space 31744K, 0% used [0x00000000d7100000,0x00000000d7100000,0x00000000d9000000)
  from space 5120K, 0% used [0x00000000d9500000,0x00000000d9500000,0x00000000d9a00000)
  to   space 5120K, 0% used [0x00000000d9000000,0x00000000d9000000,0x00000000d9500000)
 ParOldGen       total 38400K, used 4486K [0x0000000085200000, 0x0000000087780000, 0x00000000d7100000)
  object space 38400K, 11% used [0x0000000085200000,0x0000000085661ac0,0x0000000087780000)
 Metaspace       used 20760K, capacity 20970K, committed 21248K, reserved 1067008K
  class space    used 2627K, capacity 2718K, committed 2816K, reserved 1048576K
}

